<?xml version="1.0" encoding="UTF-8"?>
<!-- Generated by org.testng.reporters.JUnitReportReporter -->
<testsuite hostname="LAPTOP-EKHVOIMF" failures="0" tests="1" name="testCase.TestCase2" time="67.553" errors="0" timestamp="2025-06-03T22:18:31 IST" skipped="0">
  <testcase classname="testCase.TestCase2" name="transitToAdmin_UserManagementPage" time="67.553"/>
  <system-out/>
</testsuite> <!-- testCase.TestCase2 -->
