<?xml version="1.0" encoding="UTF-8"?>
<!-- Generated by org.testng.reporters.JUnitReportReporter -->
<testsuite hostname="LAPTOP-EKHVOIMF" failures="0" tests="1" name="testCase.TestCase3" time="21.030" errors="0" timestamp="2024-06-04T19:23:33 IST" skipped="0">
  <testcase classname="testCase.TestCase3" name="myInfo" time="21.030"/>
  <system-out/>
</testsuite> <!-- testCase.TestCase3 -->
